Start testing: Mar 11 18:43 Central Daylight Time
----------------------------------------------------------
1/3 Testing: row_test
1/3 Test: row_test
Command: "D:/mini-database-engine/mini-database-engine/build/Debug/test_row.exe"
Directory: D:/mini-database-engine/mini-database-engine/build
"row_test" start time: Mar 11 18:43 Central Daylight Time
Output:
----------------------------------------------------------
<end of output>
Test time =   0.01 sec
----------------------------------------------------------
Test Passed.
"row_test" end time: Mar 11 18:43 Central Daylight Time
"row_test" time elapsed: 00:00:00
----------------------------------------------------------

2/3 Testing: pager_test
2/3 Test: pager_test
Command: "D:/mini-database-engine/mini-database-engine/build/Debug/test_pager.exe"
Directory: D:/mini-database-engine/mini-database-engine/build
"pager_test" start time: Mar 11 18:43 Central Daylight Time
Output:
----------------------------------------------------------
<end of output>
Test time =   0.01 sec
----------------------------------------------------------
Test Passed.
"pager_test" end time: Mar 11 18:43 Central Daylight Time
"pager_test" time elapsed: 00:00:00
----------------------------------------------------------

3/3 Testing: table_test
3/3 Test: table_test
Command: "D:/mini-database-engine/mini-database-engine/build/Debug/test_table.exe"
Directory: D:/mini-database-engine/mini-database-engine/build
"table_test" start time: Mar 11 18:43 Central Daylight Time
Output:
----------------------------------------------------------
<end of output>
Test time =   0.06 sec
----------------------------------------------------------
Test Passed.
"table_test" end time: Mar 11 18:43 Central Daylight Time
"table_test" time elapsed: 00:00:00
----------------------------------------------------------

End testing: Mar 11 18:43 Central Daylight Time
